/home/stephanie/mysql-server/build/runtime_output_directory/mysqld, Version: 8.0.36 (Source distribution). started with:
Tcp port: 13000  Unix socket: /home/stephanie/mysql-server/build/mysql-test/var/tmp/mysqld.1.sock
Time                 Id Command    Argument
2024-05-19T17:58:23.238913Z	    9 Query	SET GLOBAL general_log = 'ON'
2024-05-19T17:58:23.239189Z	    9 Query	SELECT "2024_automated_software_testing"
2024-05-19T17:58:23.239555Z	    9 Query	SELECT COUNT(*) = 0 FROM INFORMATION_SCHEMA.ENGINES WHERE engine = 'myisam' AND support IN ('YES', 'DEFAULT', 'ENABLED')
2024-05-19T17:58:23.239924Z	    9 Query	call mtr.add_suppression("The table 't1' is full")
2024-05-19T17:58:23.317800Z	    9 Query	drop table if exists t1
2024-05-19T17:58:23.395585Z	    9 Query	set global myisam_data_pointer_size=2
2024-05-19T17:58:23.396378Z	    9 Query	CREATE TABLE t1 (a int auto_increment primary key not null, b longtext) ENGINE=MyISAM
2024-05-19T17:58:24.007809Z	    9 Query	SELECT "2024_AST_LET"
2024-05-19T17:58:24.008505Z	    9 Query	INSERT INTO t1 SET b=repeat('a',200)
2024-05-19T17:58:24.085611Z	    9 Query	INSERT INTO t1 SET b=repeat('a',200)
2024-05-19T17:58:24.152468Z	    9 Query	INSERT INTO t1 SET b=repeat('a',200)
2024-05-19T17:58:24.197603Z	    9 Query	INSERT INTO t1 SET b=repeat('a',200)
2024-05-19T17:58:24.242202Z	    9 Query	INSERT INTO t1 SET b=repeat('a',200)
2024-05-19T17:58:24.286802Z	    9 Query	INSERT INTO t1 SET b=repeat('a',200)
2024-05-19T17:58:24.331334Z	    9 Query	INSERT INTO t1 SET b=repeat('a',200)
2024-05-19T17:58:24.375832Z	    9 Query	INSERT INTO t1 SET b=repeat('a',200)
2024-05-19T17:58:24.420495Z	    9 Query	INSERT INTO t1 SET b=repeat('a',200)
2024-05-19T17:58:24.465076Z	    9 Query	INSERT INTO t1 SET b=repeat('a',200)
2024-05-19T17:58:24.509740Z	    9 Query	INSERT INTO t1 SET b=repeat('a',200)
2024-05-19T17:58:24.554492Z	    9 Query	INSERT INTO t1 SET b=repeat('a',200)
2024-05-19T17:58:24.598399Z	    9 Query	INSERT INTO t1 SET b=repeat('a',200)
2024-05-19T17:58:24.643527Z	    9 Query	INSERT INTO t1 SET b=repeat('a',200)
2024-05-19T17:58:24.687792Z	    9 Query	INSERT INTO t1 SET b=repeat('a',200)
2024-05-19T17:58:24.732403Z	    9 Query	INSERT INTO t1 SET b=repeat('a',200)
2024-05-19T17:58:24.777209Z	    9 Query	INSERT INTO t1 SET b=repeat('a',200)
2024-05-19T17:58:24.811070Z	    9 Query	INSERT INTO t1 SET b=repeat('a',200)
2024-05-19T17:58:24.844735Z	    9 Query	INSERT INTO t1 SET b=repeat('a',200)
2024-05-19T17:58:24.891454Z	    9 Query	INSERT INTO t1 SET b=repeat('a',200)
2024-05-19T17:58:24.936009Z	    9 Query	INSERT INTO t1 SET b=repeat('a',200)
2024-05-19T17:58:24.980344Z	    9 Query	INSERT INTO t1 SET b=repeat('a',200)
2024-05-19T17:58:25.035793Z	    9 Query	INSERT INTO t1 SET b=repeat('a',200)
2024-05-19T17:58:25.069896Z	    9 Query	INSERT INTO t1 SET b=repeat('a',200)
2024-05-19T17:58:25.103239Z	    9 Query	INSERT INTO t1 SET b=repeat('a',200)
2024-05-19T17:58:25.136854Z	    9 Query	INSERT INTO t1 SET b=repeat('a',200)
2024-05-19T17:58:25.170541Z	    9 Query	INSERT INTO t1 SET b=repeat('a',200)
2024-05-19T17:58:25.203992Z	    9 Query	INSERT INTO t1 SET b=repeat('a',200)
2024-05-19T17:58:25.236973Z	    9 Query	INSERT INTO t1 SET b=repeat('a',200)
2024-05-19T17:58:25.270608Z	    9 Query	INSERT INTO t1 SET b=repeat('a',200)
2024-05-19T17:58:25.326445Z	    9 Query	INSERT INTO t1 SET b=repeat('a',200)
2024-05-19T17:58:25.359808Z	    9 Query	INSERT INTO t1 SET b=repeat('a',200)
2024-05-19T17:58:25.404563Z	    9 Query	INSERT INTO t1 SET b=repeat('a',200)
2024-05-19T17:58:25.449270Z	    9 Query	INSERT INTO t1 SET b=repeat('a',200)
2024-05-19T17:58:25.483197Z	    9 Query	INSERT INTO t1 SET b=repeat('a',200)
2024-05-19T17:58:25.516674Z	    9 Query	INSERT INTO t1 SET b=repeat('a',200)
2024-05-19T17:58:25.550194Z	    9 Query	INSERT INTO t1 SET b=repeat('a',200)
2024-05-19T17:58:25.594905Z	    9 Query	INSERT INTO t1 SET b=repeat('a',200)
2024-05-19T17:58:25.628422Z	    9 Query	INSERT INTO t1 SET b=repeat('a',200)
2024-05-19T17:58:25.661949Z	    9 Query	INSERT INTO t1 SET b=repeat('a',200)
2024-05-19T17:58:25.695405Z	    9 Query	INSERT INTO t1 SET b=repeat('a',200)
2024-05-19T17:58:25.728932Z	    9 Query	INSERT INTO t1 SET b=repeat('a',200)
2024-05-19T17:58:25.773518Z	    9 Query	INSERT INTO t1 SET b=repeat('a',200)
2024-05-19T17:58:25.818228Z	    9 Query	INSERT INTO t1 SET b=repeat('a',200)
2024-05-19T17:58:25.862797Z	    9 Query	INSERT INTO t1 SET b=repeat('a',200)
2024-05-19T17:58:25.982549Z	    9 Query	INSERT INTO t1 SET b=repeat('a',200)
2024-05-19T17:58:26.107927Z	    9 Query	INSERT INTO t1 SET b=repeat('a',200)
2024-05-19T17:58:26.208159Z	    9 Query	INSERT INTO t1 SET b=repeat('a',200)
2024-05-19T17:58:26.319471Z	    9 Query	INSERT INTO t1 SET b=repeat('a',200)
2024-05-19T17:58:26.430926Z	    9 Query	INSERT INTO t1 SET b=repeat('a',200)
2024-05-19T17:58:26.525490Z	    9 Query	INSERT INTO t1 SET b=repeat('a',200)
2024-05-19T17:58:26.619647Z	    9 Query	INSERT INTO t1 SET b=repeat('a',200)
2024-05-19T17:58:26.784961Z	    9 Query	INSERT INTO t1 SET b=repeat('a',200)
2024-05-19T17:58:26.932199Z	    9 Query	INSERT INTO t1 SET b=repeat('a',200)
2024-05-19T17:58:27.035094Z	    9 Query	INSERT INTO t1 SET b=repeat('a',200)
2024-05-19T17:58:27.144976Z	    9 Query	INSERT INTO t1 SET b=repeat('a',200)
2024-05-19T17:58:27.286562Z	    9 Query	INSERT INTO t1 SET b=repeat('a',200)
2024-05-19T17:58:27.404174Z	    9 Query	INSERT INTO t1 SET b=repeat('a',200)
2024-05-19T17:58:27.519082Z	    9 Query	INSERT INTO t1 SET b=repeat('a',200)
2024-05-19T17:58:27.606803Z	    9 Query	INSERT INTO t1 SET b=repeat('a',200)
2024-05-19T17:58:27.702152Z	    9 Query	INSERT INTO t1 SET b=repeat('a',200)
2024-05-19T17:58:27.780742Z	    9 Query	INSERT INTO t1 SET b=repeat('a',200)
2024-05-19T17:58:27.889123Z	    9 Query	INSERT INTO t1 SET b=repeat('a',200)
2024-05-19T17:58:27.969964Z	    9 Query	INSERT INTO t1 SET b=repeat('a',200)
2024-05-19T17:58:28.070987Z	    9 Query	INSERT INTO t1 SET b=repeat('a',200)
2024-05-19T17:58:28.206390Z	    9 Query	INSERT INTO t1 SET b=repeat('a',200)
2024-05-19T17:58:28.322827Z	    9 Query	INSERT INTO t1 SET b=repeat('a',200)
2024-05-19T17:58:28.434482Z	    9 Query	INSERT INTO t1 SET b=repeat('a',200)
2024-05-19T17:58:28.522064Z	    9 Query	INSERT INTO t1 SET b=repeat('a',200)
2024-05-19T17:58:28.582529Z	    9 Query	INSERT INTO t1 SET b=repeat('a',200)
2024-05-19T17:58:28.616546Z	    9 Query	INSERT INTO t1 SET b=repeat('a',200)
2024-05-19T17:58:28.649946Z	    9 Query	INSERT INTO t1 SET b=repeat('a',200)
2024-05-19T17:58:28.683409Z	    9 Query	INSERT INTO t1 SET b=repeat('a',200)
2024-05-19T17:58:28.716502Z	    9 Query	INSERT INTO t1 SET b=repeat('a',200)
2024-05-19T17:58:28.750164Z	    9 Query	INSERT INTO t1 SET b=repeat('a',200)
2024-05-19T17:58:28.783865Z	    9 Query	INSERT INTO t1 SET b=repeat('a',200)
2024-05-19T17:58:28.817890Z	    9 Query	INSERT INTO t1 SET b=repeat('a',200)
2024-05-19T17:58:28.880062Z	    9 Query	INSERT INTO t1 SET b=repeat('a',200)
2024-05-19T17:58:28.962733Z	    9 Query	INSERT INTO t1 SET b=repeat('a',200)
2024-05-19T17:58:28.996254Z	    9 Query	INSERT INTO t1 SET b=repeat('a',200)
2024-05-19T17:58:29.029774Z	    9 Query	INSERT INTO t1 SET b=repeat('a',200)
2024-05-19T17:58:29.063132Z	    9 Query	INSERT INTO t1 SET b=repeat('a',200)
2024-05-19T17:58:29.096626Z	    9 Query	INSERT INTO t1 SET b=repeat('a',200)
2024-05-19T17:58:29.140927Z	    9 Query	INSERT INTO t1 SET b=repeat('a',200)
2024-05-19T17:58:29.175117Z	    9 Query	INSERT INTO t1 SET b=repeat('a',200)
2024-05-19T17:58:29.208617Z	    9 Query	INSERT INTO t1 SET b=repeat('a',200)
2024-05-19T17:58:29.242220Z	    9 Query	INSERT INTO t1 SET b=repeat('a',200)
2024-05-19T17:58:29.277168Z	    9 Query	INSERT INTO t1 SET b=repeat('a',200)
2024-05-19T17:58:29.311225Z	    9 Query	INSERT INTO t1 SET b=repeat('a',200)
2024-05-19T17:58:29.344588Z	    9 Query	INSERT INTO t1 SET b=repeat('a',200)
2024-05-19T17:58:29.378162Z	    9 Query	INSERT INTO t1 SET b=repeat('a',200)
2024-05-19T17:58:29.411657Z	    9 Query	INSERT INTO t1 SET b=repeat('a',200)
2024-05-19T17:58:29.456433Z	    9 Query	INSERT INTO t1 SET b=repeat('a',200)
2024-05-19T17:58:29.490076Z	    9 Query	INSERT INTO t1 SET b=repeat('a',200)
2024-05-19T17:58:29.581919Z	    9 Query	INSERT INTO t1 SET b=repeat('a',200)
2024-05-19T17:58:29.656632Z	    9 Query	INSERT INTO t1 SET b=repeat('a',200)
2024-05-19T17:58:29.701722Z	    9 Query	INSERT INTO t1 SET b=repeat('a',200)
2024-05-19T17:58:29.746308Z	    9 Query	INSERT INTO t1 SET b=repeat('a',200)
2024-05-19T17:58:29.791027Z	    9 Query	INSERT INTO t1 SET b=repeat('a',200)
2024-05-19T17:58:29.846701Z	    9 Query	INSERT INTO t1 SET b=repeat('a',200)
2024-05-19T17:58:29.891517Z	    9 Query	INSERT INTO t1 SET b=repeat('a',200)
2024-05-19T17:58:29.936226Z	    9 Query	INSERT INTO t1 SET b=repeat('a',200)
2024-05-19T17:58:29.980614Z	    9 Query	INSERT INTO t1 SET b=repeat('a',200)
2024-05-19T17:58:30.080384Z	    9 Query	INSERT INTO t1 SET b=repeat('a',200)
2024-05-19T17:58:30.125565Z	    9 Query	INSERT INTO t1 SET b=repeat('a',200)
2024-05-19T17:58:30.170217Z	    9 Query	INSERT INTO t1 SET b=repeat('a',200)
2024-05-19T17:58:30.214755Z	    9 Query	INSERT INTO t1 SET b=repeat('a',200)
2024-05-19T17:58:30.259528Z	    9 Query	INSERT INTO t1 SET b=repeat('a',200)
2024-05-19T17:58:30.304155Z	    9 Query	INSERT INTO t1 SET b=repeat('a',200)
2024-05-19T17:58:30.348155Z	    9 Query	INSERT INTO t1 SET b=repeat('a',200)
2024-05-19T17:58:30.382284Z	    9 Query	INSERT INTO t1 SET b=repeat('a',200)
2024-05-19T17:58:30.415732Z	    9 Query	INSERT INTO t1 SET b=repeat('a',200)
2024-05-19T17:58:30.449251Z	    9 Query	INSERT INTO t1 SET b=repeat('a',200)
2024-05-19T17:58:30.482796Z	    9 Query	INSERT INTO t1 SET b=repeat('a',200)
2024-05-19T17:58:30.516238Z	    9 Query	INSERT INTO t1 SET b=repeat('a',200)
2024-05-19T17:58:30.549938Z	    9 Query	INSERT INTO t1 SET b=repeat('a',200)
2024-05-19T17:58:30.583457Z	    9 Query	INSERT INTO t1 SET b=repeat('a',200)
2024-05-19T17:58:30.616981Z	    9 Query	INSERT INTO t1 SET b=repeat('a',200)
2024-05-19T17:58:30.650624Z	    9 Query	INSERT INTO t1 SET b=repeat('a',200)
2024-05-19T17:58:30.684041Z	    9 Query	INSERT INTO t1 SET b=repeat('a',200)
2024-05-19T17:58:30.717570Z	    9 Query	INSERT INTO t1 SET b=repeat('a',200)
2024-05-19T17:58:30.750780Z	    9 Query	INSERT INTO t1 SET b=repeat('a',200)
2024-05-19T17:58:30.783754Z	    9 Query	INSERT INTO t1 SET b=repeat('a',200)
2024-05-19T17:58:30.840305Z	    9 Query	INSERT INTO t1 SET b=repeat('a',200)
2024-05-19T17:58:30.884979Z	    9 Query	INSERT INTO t1 SET b=repeat('a',200)
2024-05-19T17:58:30.929662Z	    9 Query	INSERT INTO t1 SET b=repeat('a',200)
2024-05-19T17:58:30.974297Z	    9 Query	INSERT INTO t1 SET b=repeat('a',200)
2024-05-19T17:58:31.018879Z	    9 Query	INSERT INTO t1 SET b=repeat('a',200)
2024-05-19T17:58:31.052249Z	    9 Query	INSERT INTO t1 SET b=repeat('a',200)
2024-05-19T17:58:31.110171Z	    9 Query	INSERT INTO t1 SET b=repeat('a',200)
2024-05-19T17:58:31.154696Z	    9 Query	INSERT INTO t1 SET b=repeat('a',200)
2024-05-19T17:58:31.198926Z	    9 Query	INSERT INTO t1 SET b=repeat('a',200)
2024-05-19T17:58:31.243520Z	    9 Query	INSERT INTO t1 SET b=repeat('a',200)
2024-05-19T17:58:31.288137Z	    9 Query	INSERT INTO t1 SET b=repeat('a',200)
2024-05-19T17:58:31.333284Z	    9 Query	INSERT INTO t1 SET b=repeat('a',200)
2024-05-19T17:58:31.389012Z	    9 Query	INSERT INTO t1 SET b=repeat('a',200)
2024-05-19T17:58:31.422578Z	    9 Query	INSERT INTO t1 SET b=repeat('a',200)
2024-05-19T17:58:31.466990Z	    9 Query	INSERT INTO t1 SET b=repeat('a',200)
2024-05-19T17:58:31.500730Z	    9 Query	INSERT INTO t1 SET b=repeat('a',200)
2024-05-19T17:58:31.545426Z	    9 Query	INSERT INTO t1 SET b=repeat('a',200)
2024-05-19T17:58:31.590105Z	    9 Query	INSERT INTO t1 SET b=repeat('a',200)
2024-05-19T17:58:31.634679Z	    9 Query	INSERT INTO t1 SET b=repeat('a',200)
2024-05-19T17:58:31.679152Z	    9 Query	INSERT INTO t1 SET b=repeat('a',200)
2024-05-19T17:58:31.723833Z	    9 Query	INSERT INTO t1 SET b=repeat('a',200)
2024-05-19T17:58:31.768507Z	    9 Query	INSERT INTO t1 SET b=repeat('a',200)
2024-05-19T17:58:31.813102Z	    9 Query	INSERT INTO t1 SET b=repeat('a',200)
2024-05-19T17:58:31.857859Z	    9 Query	INSERT INTO t1 SET b=repeat('a',200)
2024-05-19T17:58:31.902489Z	    9 Query	INSERT INTO t1 SET b=repeat('a',200)
2024-05-19T17:58:31.947124Z	    9 Query	INSERT INTO t1 SET b=repeat('a',200)
2024-05-19T17:58:31.991704Z	    9 Query	INSERT INTO t1 SET b=repeat('a',200)
2024-05-19T17:58:32.036308Z	    9 Query	INSERT INTO t1 SET b=repeat('a',200)
2024-05-19T17:58:32.080918Z	    9 Query	INSERT INTO t1 SET b=repeat('a',200)
2024-05-19T17:58:32.125511Z	    9 Query	INSERT INTO t1 SET b=repeat('a',200)
2024-05-19T17:58:32.170178Z	    9 Query	INSERT INTO t1 SET b=repeat('a',200)
2024-05-19T17:58:32.214923Z	    9 Query	INSERT INTO t1 SET b=repeat('a',200)
2024-05-19T17:58:32.259537Z	    9 Query	INSERT INTO t1 SET b=repeat('a',200)
2024-05-19T17:58:32.304090Z	    9 Query	INSERT INTO t1 SET b=repeat('a',200)
2024-05-19T17:58:32.348733Z	    9 Query	INSERT INTO t1 SET b=repeat('a',200)
2024-05-19T17:58:32.393834Z	    9 Query	INSERT INTO t1 SET b=repeat('a',200)
2024-05-19T17:58:32.437948Z	    9 Query	INSERT INTO t1 SET b=repeat('a',200)
2024-05-19T17:58:32.482359Z	    9 Query	INSERT INTO t1 SET b=repeat('a',200)
2024-05-19T17:58:32.527309Z	    9 Query	INSERT INTO t1 SET b=repeat('a',200)
2024-05-19T17:58:32.571920Z	    9 Query	INSERT INTO t1 SET b=repeat('a',200)
2024-05-19T17:58:32.615963Z	    9 Query	INSERT INTO t1 SET b=repeat('a',200)
2024-05-19T17:58:32.660912Z	    9 Query	INSERT INTO t1 SET b=repeat('a',200)
2024-05-19T17:58:32.705754Z	    9 Query	INSERT INTO t1 SET b=repeat('a',200)
2024-05-19T17:58:32.750373Z	    9 Query	INSERT INTO t1 SET b=repeat('a',200)
2024-05-19T17:58:32.794195Z	    9 Query	INSERT INTO t1 SET b=repeat('a',200)
2024-05-19T17:58:32.838990Z	    9 Query	INSERT INTO t1 SET b=repeat('a',200)
2024-05-19T17:58:32.884207Z	    9 Query	INSERT INTO t1 SET b=repeat('a',200)
2024-05-19T17:58:32.928920Z	    9 Query	INSERT INTO t1 SET b=repeat('a',200)
2024-05-19T17:58:33.150807Z	    9 Query	INSERT INTO t1 SET b=repeat('a',200)
2024-05-19T17:58:33.184380Z	    9 Query	INSERT INTO t1 SET b=repeat('a',200)
2024-05-19T17:58:33.231007Z	    9 Query	INSERT INTO t1 SET b=repeat('a',200)
2024-05-19T17:58:33.264452Z	    9 Query	INSERT INTO t1 SET b=repeat('a',200)
2024-05-19T17:58:33.298042Z	    9 Query	INSERT INTO t1 SET b=repeat('a',200)
2024-05-19T17:58:33.342660Z	    9 Query	INSERT INTO t1 SET b=repeat('a',200)
2024-05-19T17:58:33.387385Z	    9 Query	INSERT INTO t1 SET b=repeat('a',200)
2024-05-19T17:58:33.431959Z	    9 Query	INSERT INTO t1 SET b=repeat('a',200)
2024-05-19T17:58:33.476566Z	    9 Query	INSERT INTO t1 SET b=repeat('a',200)
2024-05-19T17:58:33.521155Z	    9 Query	INSERT INTO t1 SET b=repeat('a',200)
2024-05-19T17:58:33.565327Z	    9 Query	INSERT INTO t1 SET b=repeat('a',200)
2024-05-19T17:58:33.610640Z	    9 Query	INSERT INTO t1 SET b=repeat('a',200)
2024-05-19T17:58:33.655034Z	    9 Query	INSERT INTO t1 SET b=repeat('a',200)
2024-05-19T17:58:33.699744Z	    9 Query	INSERT INTO t1 SET b=repeat('a',200)
2024-05-19T17:58:33.744516Z	    9 Query	INSERT INTO t1 SET b=repeat('a',200)
2024-05-19T17:58:33.789112Z	    9 Query	INSERT INTO t1 SET b=repeat('a',200)
2024-05-19T17:58:33.833734Z	    9 Query	INSERT INTO t1 SET b=repeat('a',200)
2024-05-19T17:58:33.878202Z	    9 Query	INSERT INTO t1 SET b=repeat('a',200)
2024-05-19T17:58:33.922924Z	    9 Query	INSERT INTO t1 SET b=repeat('a',200)
2024-05-19T17:58:33.967562Z	    9 Query	INSERT INTO t1 SET b=repeat('a',200)
2024-05-19T17:58:34.012192Z	    9 Query	INSERT INTO t1 SET b=repeat('a',200)
2024-05-19T17:58:34.056947Z	    9 Query	INSERT INTO t1 SET b=repeat('a',200)
2024-05-19T17:58:34.101431Z	    9 Query	INSERT INTO t1 SET b=repeat('a',200)
2024-05-19T17:58:34.146019Z	    9 Query	INSERT INTO t1 SET b=repeat('a',200)
2024-05-19T17:58:34.190789Z	    9 Query	INSERT INTO t1 SET b=repeat('a',200)
2024-05-19T17:58:34.235389Z	    9 Query	INSERT INTO t1 SET b=repeat('a',200)
2024-05-19T17:58:34.279965Z	    9 Query	INSERT INTO t1 SET b=repeat('a',200)
2024-05-19T17:58:34.324595Z	    9 Query	INSERT INTO t1 SET b=repeat('a',200)
2024-05-19T17:58:34.369197Z	    9 Query	INSERT INTO t1 SET b=repeat('a',200)
2024-05-19T17:58:34.414042Z	    9 Query	INSERT INTO t1 SET b=repeat('a',200)
2024-05-19T17:58:34.458617Z	    9 Query	INSERT INTO t1 SET b=repeat('a',200)
2024-05-19T17:58:34.503145Z	    9 Query	INSERT INTO t1 SET b=repeat('a',200)
2024-05-19T17:58:34.547798Z	    9 Query	INSERT INTO t1 SET b=repeat('a',200)
2024-05-19T17:58:34.592437Z	    9 Query	INSERT INTO t1 SET b=repeat('a',200)
2024-05-19T17:58:34.637022Z	    9 Query	INSERT INTO t1 SET b=repeat('a',200)
2024-05-19T17:58:34.681595Z	    9 Query	INSERT INTO t1 SET b=repeat('a',200)
2024-05-19T17:58:34.725695Z	    9 Query	INSERT INTO t1 SET b=repeat('a',200)
2024-05-19T17:58:34.770778Z	    9 Query	INSERT INTO t1 SET b=repeat('a',200)
2024-05-19T17:58:34.815307Z	    9 Query	INSERT INTO t1 SET b=repeat('a',200)
2024-05-19T17:58:34.859551Z	    9 Query	INSERT INTO t1 SET b=repeat('a',200)
2024-05-19T17:58:34.904816Z	    9 Query	INSERT INTO t1 SET b=repeat('a',200)
2024-05-19T17:58:34.949418Z	    9 Query	INSERT INTO t1 SET b=repeat('a',200)
2024-05-19T17:58:34.994077Z	    9 Query	INSERT INTO t1 SET b=repeat('a',200)
2024-05-19T17:58:35.027519Z	    9 Query	INSERT INTO t1 SET b=repeat('a',200)
2024-05-19T17:58:35.116509Z	    9 Query	INSERT INTO t1 SET b=repeat('a',200)
2024-05-19T17:58:35.305031Z	    9 Query	INSERT INTO t1 SET b=repeat('a',200)
2024-05-19T17:58:35.352198Z	    9 Query	INSERT INTO t1 SET b=repeat('a',200)
2024-05-19T17:58:35.396812Z	    9 Query	INSERT INTO t1 SET b=repeat('a',200)
2024-05-19T17:58:35.441413Z	    9 Query	INSERT INTO t1 SET b=repeat('a',200)
2024-05-19T17:58:35.486084Z	    9 Query	INSERT INTO t1 SET b=repeat('a',200)
2024-05-19T17:58:35.530602Z	    9 Query	INSERT INTO t1 SET b=repeat('a',200)
2024-05-19T17:58:35.575098Z	    9 Query	INSERT INTO t1 SET b=repeat('a',200)
2024-05-19T17:58:35.619887Z	    9 Query	INSERT INTO t1 SET b=repeat('a',200)
2024-05-19T17:58:35.664661Z	    9 Query	INSERT INTO t1 SET b=repeat('a',200)
2024-05-19T17:58:35.709198Z	    9 Query	INSERT INTO t1 SET b=repeat('a',200)
2024-05-19T17:58:35.753864Z	    9 Query	INSERT INTO t1 SET b=repeat('a',200)
2024-05-19T17:58:35.798494Z	    9 Query	INSERT INTO t1 SET b=repeat('a',200)
2024-05-19T17:58:35.843085Z	    9 Query	INSERT INTO t1 SET b=repeat('a',200)
2024-05-19T17:58:35.887521Z	    9 Query	INSERT INTO t1 SET b=repeat('a',200)
2024-05-19T17:58:35.932295Z	    9 Query	INSERT INTO t1 SET b=repeat('a',200)
2024-05-19T17:58:35.977051Z	    9 Query	INSERT INTO t1 SET b=repeat('a',200)
2024-05-19T17:58:36.021617Z	    9 Query	INSERT INTO t1 SET b=repeat('a',200)
2024-05-19T17:58:36.066207Z	    9 Query	INSERT INTO t1 SET b=repeat('a',200)
2024-05-19T17:58:36.110931Z	    9 Query	INSERT INTO t1 SET b=repeat('a',200)
2024-05-19T17:58:36.155511Z	    9 Query	INSERT INTO t1 SET b=repeat('a',200)
2024-05-19T17:58:36.200113Z	    9 Query	INSERT INTO t1 SET b=repeat('a',200)
2024-05-19T17:58:36.244725Z	    9 Query	INSERT INTO t1 SET b=repeat('a',200)
2024-05-19T17:58:36.289089Z	    9 Query	INSERT INTO t1 SET b=repeat('a',200)
2024-05-19T17:58:36.333368Z	    9 Query	INSERT INTO t1 SET b=repeat('a',200)
2024-05-19T17:58:36.378792Z	    9 Query	INSERT INTO t1 SET b=repeat('a',200)
2024-05-19T17:58:36.422785Z	    9 Query	INSERT INTO t1 SET b=repeat('a',200)
2024-05-19T17:58:36.456893Z	    9 Query	INSERT INTO t1 SET b=repeat('a',200)
2024-05-19T17:58:36.500822Z	    9 Query	INSERT INTO t1 SET b=repeat('a',200)
2024-05-19T17:58:36.546046Z	    9 Query	INSERT INTO t1 SET b=repeat('a',200)
2024-05-19T17:58:36.590629Z	    9 Query	INSERT INTO t1 SET b=repeat('a',200)
2024-05-19T17:58:36.624026Z	    9 Query	INSERT INTO t1 SET b=repeat('a',200)
2024-05-19T17:58:36.668903Z	    9 Query	INSERT INTO t1 SET b=repeat('a',200)
2024-05-19T17:58:36.713469Z	    9 Query	INSERT INTO t1 SET b=repeat('a',200)
2024-05-19T17:58:36.758176Z	    9 Query	INSERT INTO t1 SET b=repeat('a',200)
2024-05-19T17:58:36.813283Z	    9 Query	INSERT INTO t1 SET b=repeat('a',200)
2024-05-19T17:58:36.857664Z	    9 Query	INSERT INTO t1 SET b=repeat('a',200)
2024-05-19T17:58:36.902056Z	    9 Query	INSERT INTO t1 SET b=repeat('a',200)
2024-05-19T17:58:36.947078Z	    9 Query	INSERT INTO t1 SET b=repeat('a',200)
2024-05-19T17:58:36.992346Z	    9 Query	INSERT INTO t1 SET b=repeat('a',200)
2024-05-19T17:58:37.036945Z	    9 Query	INSERT INTO t1 SET b=repeat('a',200)
2024-05-19T17:58:37.081586Z	    9 Query	INSERT INTO t1 SET b=repeat('a',200)
2024-05-19T17:58:37.115021Z	    9 Query	INSERT INTO t1 SET b=repeat('a',200)
2024-05-19T17:58:37.159646Z	    9 Query	INSERT INTO t1 SET b=repeat('a',200)
2024-05-19T17:58:37.204276Z	    9 Query	INSERT INTO t1 SET b=repeat('a',200)
2024-05-19T17:58:37.248860Z	    9 Query	INSERT INTO t1 SET b=repeat('a',200)
2024-05-19T17:58:37.295507Z	    9 Query	INSERT INTO t1 SET b=repeat('a',200)
2024-05-19T17:58:37.340196Z	    9 Query	INSERT INTO t1 SET b=repeat('a',200)
2024-05-19T17:58:37.385119Z	    9 Query	INSERT INTO t1 SET b=repeat('a',200)
2024-05-19T17:58:37.429618Z	    9 Query	INSERT INTO t1 SET b=repeat('a',200)
2024-05-19T17:58:37.496579Z	    9 Query	INSERT INTO t1 SET b=repeat('a',200)
2024-05-19T17:58:37.541237Z	    9 Query	INSERT INTO t1 SET b=repeat('a',200)
2024-05-19T17:58:37.585876Z	    9 Query	INSERT INTO t1 SET b=repeat('a',200)
2024-05-19T17:58:37.630495Z	    9 Query	INSERT INTO t1 SET b=repeat('a',200)
2024-05-19T17:58:37.675082Z	    9 Query	INSERT INTO t1 SET b=repeat('a',200)
2024-05-19T17:58:37.719602Z	    9 Query	INSERT INTO t1 SET b=repeat('a',200)
2024-05-19T17:58:37.764360Z	    9 Query	INSERT INTO t1 SET b=repeat('a',200)
2024-05-19T17:58:37.808962Z	    9 Query	INSERT INTO t1 SET b=repeat('a',200)
2024-05-19T17:58:37.853651Z	    9 Query	INSERT INTO t1 SET b=repeat('a',200)
2024-05-19T17:58:37.898249Z	    9 Query	INSERT INTO t1 SET b=repeat('a',200)
2024-05-19T17:58:37.942412Z	    9 Query	INSERT INTO t1 SET b=repeat('a',200)
2024-05-19T17:58:37.987303Z	    9 Query	INSERT INTO t1 SET b=repeat('a',200)
2024-05-19T17:58:38.031938Z	    9 Query	INSERT INTO t1 SET b=repeat('a',200)
2024-05-19T17:58:38.076730Z	    9 Query	INSERT INTO t1 SET b=repeat('a',200)
2024-05-19T17:58:38.110293Z	    9 Query	INSERT INTO t1 SET b=repeat('a',200)
2024-05-19T17:58:38.154893Z	    9 Query	INSERT INTO t1 SET b=repeat('a',200)
2024-05-19T17:58:38.199493Z	    9 Query	INSERT INTO t1 SET b=repeat('a',200)
2024-05-19T17:58:38.244086Z	    9 Query	INSERT INTO t1 SET b=repeat('a',200)
2024-05-19T17:58:38.277644Z	    9 Query	INSERT INTO t1 SET b=repeat('a',200)
2024-05-19T17:58:38.322223Z	    9 Query	INSERT INTO t1 SET b=repeat('a',200)
2024-05-19T17:58:38.366962Z	    9 Query	INSERT INTO t1 SET b=repeat('a',200)
2024-05-19T17:58:38.422685Z	    9 Query	INSERT INTO t1 SET b=repeat('a',200)
2024-05-19T17:58:38.456142Z	    9 Query	INSERT INTO t1 SET b=repeat('a',200)
2024-05-19T17:58:38.489659Z	    9 Query	INSERT INTO t1 SET b=repeat('a',200)
2024-05-19T17:58:38.534358Z	    9 Query	INSERT INTO t1 SET b=repeat('a',200)
2024-05-19T17:58:38.578911Z	    9 Query	INSERT INTO t1 SET b=repeat('a',200)
2024-05-19T17:58:38.623524Z	    9 Query	INSERT INTO t1 SET b=repeat('a',200)
2024-05-19T17:58:38.668134Z	    9 Query	INSERT INTO t1 SET b=repeat('a',200)
2024-05-19T17:58:38.701779Z	    9 Query	INSERT INTO t1 SET b=repeat('a',200)
2024-05-19T17:58:38.746461Z	    9 Query	INSERT INTO t1 SET b=repeat('a',200)
2024-05-19T17:58:38.791264Z	    9 Query	INSERT INTO t1 SET b=repeat('a',200)
2024-05-19T17:58:38.835782Z	    9 Query	INSERT INTO t1 SET b=repeat('a',200)
2024-05-19T17:58:38.880125Z	    9 Query	INSERT INTO t1 SET b=repeat('a',200)
2024-05-19T17:58:38.924060Z	    9 Query	INSERT INTO t1 SET b=repeat('a',200)
2024-05-19T17:58:38.969510Z	    9 Query	INSERT INTO t1 SET b=repeat('a',200)
2024-05-19T17:58:39.014140Z	    9 Query	INSERT INTO t1 SET b=repeat('a',200)
2024-05-19T17:58:39.058893Z	    9 Query	INSERT INTO t1 SET b=repeat('a',200)
2024-05-19T17:58:39.103530Z	    9 Query	INSERT INTO t1 SET b=repeat('a',200)
2024-05-19T17:58:39.148168Z	    9 Query	DELETE FROM t1 WHERE a=1 or a=5
2024-05-19T17:58:39.194954Z	    9 Query	INSERT INTO t1 SET b=repeat('a',600)
2024-05-19T17:58:39.196102Z	    9 Query	CHECK TABLE t1 EXTENDED
2024-05-19T17:58:39.199641Z	    9 Query	UPDATE t1 SET b=repeat('a', 800) where a=10
2024-05-19T17:58:39.200902Z	    9 Query	CHECK TABLE t1 EXTENDED
2024-05-19T17:58:39.204298Z	    9 Query	INSERT INTO t1 SET b=repeat('a',400)
2024-05-19T17:58:39.250538Z	    9 Query	CHECK TABLE t1 EXTENDED
2024-05-19T17:58:39.254120Z	    9 Query	DELETE FROM t1 WHERE a=2 or a=6
2024-05-19T17:58:39.295257Z	    9 Query	UPDATE t1 SET b=repeat('a', 600) where a=11
2024-05-19T17:58:39.339968Z	    9 Query	CHECK TABLE t1 EXTENDED
2024-05-19T17:58:39.343461Z	    9 Query	drop table t1
2024-05-19T17:58:39.485175Z	    9 Query	set global myisam_data_pointer_size=default
2024-05-19T17:58:39.549726Z	    9 Query	SHOW WARNINGS
2024-05-19T17:58:39.550118Z	    9 Quit	
