/home/stephanie/mysql-server/build/runtime_output_directory/mysqld, Version: 8.0.36 (Source distribution). started with:
Tcp port: 13000  Unix socket: /home/stephanie/mysql-server/build/mysql-test/var/tmp/mysqld.1.sock
Time                 Id Command    Argument
2024-05-01T14:10:09.060083Z	   47 Query	SET GLOBAL general_log = 'ON'
2024-05-01T14:10:09.060772Z	   47 Query	SET SQL_LOG_BIN = 0
2024-05-01T14:10:09.061789Z	   47 Query	USE mtr
2024-05-01T14:10:09.062402Z	   47 Query	SET SESSION TRANSACTION READ WRITE
2024-05-01T14:10:09.063344Z	   47 Query	SET SESSION AUTOCOMMIT = 1
2024-05-01T14:10:09.065902Z	   47 Query	CREATE TEMPORARY TABLE mtr.error_log (
id INT AUTO_INCREMENT PRIMARY KEY,
suspicious INT DEFAULT 1,
line VARCHAR(10000) CHARSET latin1 DEFAULT NULL
)
2024-05-01T14:10:09.068945Z	   47 Query	COMMIT
2024-05-01T14:10:09.069507Z	   47 Query	SELECT @@session.sql_mode
2024-05-01T14:10:09.070055Z	   47 Query	SET @@session.sql_mode = ''
2024-05-01T14:10:09.070805Z	   47 Query	LOAD DATA INFILE '/home/stephanie/mysql-server/build/mysql-test/var/log/mysqld.1.err.warnings' INTO TABLE mtr.error_log
CHARACTER SET latin1
FIELDS TERMINATED BY 'xykls37' ESCAPED BY ''
  IGNORE 1 LINES
(line)
2024-05-01T14:10:09.072870Z	   47 Query	SET @@session.sql_mode = 'ONLY_FULL_GROUP_BY,STRICT_TRANS_TABLES,NO_ZERO_IN_DATE,NO_ZERO_DATE,ERROR_FOR_DIVISION_BY_ZERO,NO_ENGINE_SUBSTITUTION'
2024-05-01T14:10:09.073715Z	   47 Query	SELECT SUBSTRING('1', 1, 1)
2024-05-01T14:10:09.074242Z	   47 Query	SELECT SUBSTRING('1', 2)
2024-05-01T14:10:09.075523Z	   47 Query	SELECT SUBSTRING('0', 1, 1)
2024-05-01T14:10:09.076167Z	   47 Query	SELECT SUBSTRING('0', 2)
2024-05-01T14:10:09.076727Z	   47 Query	SELECT SUBSTRING('1', 1, 1)
2024-05-01T14:10:09.077220Z	   47 Query	SELECT SUBSTRING('1', 2)
2024-05-01T14:10:09.077714Z	   47 Query	SELECT SUBSTRING('1', 1, 1)
2024-05-01T14:10:09.078153Z	   47 Query	SELECT SUBSTRING('1', 2)
2024-05-01T14:10:09.078722Z	   47 Query	SELECT REPEAT('.', 1 - 1)
2024-05-01T14:10:09.079385Z	   47 Query	SELECT SUBSTRING_INDEX('default,', ',', 1)
2024-05-01T14:10:09.079972Z	   47 Query	SELECT SUBSTRING('default,', LENGTH('default') + 2)
2024-05-01T14:10:09.081385Z	   47 Query	CALL mtr.check_warnings(@result)
2024-05-01T14:10:15.110901Z	   47 Query	SELECT @result = 0
2024-05-01T14:10:15.111575Z	   47 Quit	
2024-05-01T14:10:15.309952Z	   48 Connect	root@localhost on  using Socket
2024-05-01T14:10:15.310230Z	   48 Query	SET GLOBAL log_output = "FILE"
2024-05-01T14:10:15.310371Z	   48 Query	SET GLOBAL general_log_file = "/home/stephanie/Dokumente/a/AST/AST24-SQL-dialects-comparison/temp_mysql/check-testcase.log"
/home/stephanie/mysql-server/build/runtime_output_directory/mysqld, Version: 8.0.36 (Source distribution). started with:
Tcp port: 13000  Unix socket: /home/stephanie/mysql-server/build/mysql-test/var/tmp/mysqld.1.sock
Time                 Id Command    Argument
2024-05-01T14:12:10.135625Z	   10 Query	SET GLOBAL general_log = 'ON'
2024-05-01T14:12:10.136152Z	   10 Query	SET SQL_LOG_BIN = 0
2024-05-01T14:12:10.136873Z	   10 Query	USE mtr
2024-05-01T14:12:10.137384Z	   10 Query	SET SESSION TRANSACTION READ WRITE
2024-05-01T14:12:10.137947Z	   10 Query	SET SESSION AUTOCOMMIT = 1
2024-05-01T14:12:10.139875Z	   10 Query	CREATE TEMPORARY TABLE mtr.error_log (
id INT AUTO_INCREMENT PRIMARY KEY,
suspicious INT DEFAULT 1,
line VARCHAR(10000) CHARSET latin1 DEFAULT NULL
)
2024-05-01T14:12:10.142723Z	   10 Query	COMMIT
2024-05-01T14:12:10.143221Z	   10 Query	SELECT @@session.sql_mode
2024-05-01T14:12:10.143707Z	   10 Query	SET @@session.sql_mode = ''
2024-05-01T14:12:10.144283Z	   10 Query	LOAD DATA INFILE '/home/stephanie/mysql-server/build/mysql-test/var/log/mysqld.1.err.warnings' INTO TABLE mtr.error_log
CHARACTER SET latin1
FIELDS TERMINATED BY 'xykls37' ESCAPED BY ''
  IGNORE 1 LINES
(line)
2024-05-01T14:12:10.145625Z	   10 Query	SET @@session.sql_mode = 'ONLY_FULL_GROUP_BY,STRICT_TRANS_TABLES,NO_ZERO_IN_DATE,NO_ZERO_DATE,ERROR_FOR_DIVISION_BY_ZERO,NO_ENGINE_SUBSTITUTION'
2024-05-01T14:12:10.146261Z	   10 Query	SELECT SUBSTRING('1', 1, 1)
2024-05-01T14:12:10.146795Z	   10 Query	SELECT SUBSTRING('1', 2)
2024-05-01T14:12:10.147723Z	   10 Query	SELECT SUBSTRING('0', 1, 1)
2024-05-01T14:12:10.148171Z	   10 Query	SELECT SUBSTRING('0', 2)
2024-05-01T14:12:10.148555Z	   10 Query	SELECT SUBSTRING('1', 1, 1)
2024-05-01T14:12:10.148902Z	   10 Query	SELECT SUBSTRING('1', 2)
2024-05-01T14:12:10.149235Z	   10 Query	SELECT SUBSTRING('1', 1, 1)
2024-05-01T14:12:10.149516Z	   10 Query	SELECT SUBSTRING('1', 2)
2024-05-01T14:12:10.149833Z	   10 Query	SELECT REPEAT('.', 1 - 1)
2024-05-01T14:12:10.150123Z	   10 Query	SELECT SUBSTRING_INDEX('default,', ',', 1)
2024-05-01T14:12:10.150358Z	   10 Query	SELECT SUBSTRING('default,', LENGTH('default') + 2)
2024-05-01T14:12:10.151080Z	   10 Query	CALL mtr.check_warnings(@result)
2024-05-01T14:12:14.336454Z	   10 Query	SELECT @result = 0
2024-05-01T14:12:14.339894Z	   10 Quit	
2024-05-01T14:12:14.400347Z	   11 Connect	root@localhost on  using Socket
2024-05-01T14:12:14.400543Z	   11 Query	SET GLOBAL log_output = "FILE"
2024-05-01T14:12:14.400660Z	   11 Query	SET GLOBAL general_log_file = "/home/stephanie/Dokumente/a/AST/AST24-SQL-dialects-comparison/temp_mysql/check-testcase.log"
/home/stephanie/mysql-server/build/runtime_output_directory/mysqld, Version: 8.0.36 (Source distribution). started with:
Tcp port: 13000  Unix socket: /home/stephanie/mysql-server/build/mysql-test/var/tmp/mysqld.1.sock
Time                 Id Command    Argument
2024-05-01T14:50:10.239111Z	   47 Query	SET GLOBAL general_log = 'ON'
2024-05-01T14:50:10.239718Z	   47 Query	SET SQL_LOG_BIN = 0
2024-05-01T14:50:10.241065Z	   47 Query	USE mtr
2024-05-01T14:50:10.241759Z	   47 Query	SET SESSION TRANSACTION READ WRITE
2024-05-01T14:50:10.242243Z	   47 Query	SET SESSION AUTOCOMMIT = 1
2024-05-01T14:50:10.244138Z	   47 Query	CREATE TEMPORARY TABLE mtr.error_log (
id INT AUTO_INCREMENT PRIMARY KEY,
suspicious INT DEFAULT 1,
line VARCHAR(10000) CHARSET latin1 DEFAULT NULL
)
2024-05-01T14:50:10.246560Z	   47 Query	COMMIT
2024-05-01T14:50:10.247049Z	   47 Query	SELECT @@session.sql_mode
2024-05-01T14:50:10.247756Z	   47 Query	SET @@session.sql_mode = ''
2024-05-01T14:50:10.249195Z	   47 Query	LOAD DATA INFILE '/home/stephanie/mysql-server/build/mysql-test/var/log/mysqld.1.err.warnings' INTO TABLE mtr.error_log
CHARACTER SET latin1
FIELDS TERMINATED BY 'xykls37' ESCAPED BY ''
  IGNORE 1 LINES
(line)
2024-05-01T14:50:10.250968Z	   47 Query	SET @@session.sql_mode = 'ONLY_FULL_GROUP_BY,STRICT_TRANS_TABLES,NO_ZERO_IN_DATE,NO_ZERO_DATE,ERROR_FOR_DIVISION_BY_ZERO,NO_ENGINE_SUBSTITUTION'
2024-05-01T14:50:10.252059Z	   47 Query	SELECT SUBSTRING('1', 1, 1)
2024-05-01T14:50:10.252710Z	   47 Query	SELECT SUBSTRING('1', 2)
2024-05-01T14:50:10.254000Z	   47 Query	SELECT SUBSTRING('0', 1, 1)
2024-05-01T14:50:10.254519Z	   47 Query	SELECT SUBSTRING('0', 2)
2024-05-01T14:50:10.255012Z	   47 Query	SELECT SUBSTRING('1', 1, 1)
2024-05-01T14:50:10.255712Z	   47 Query	SELECT SUBSTRING('1', 2)
2024-05-01T14:50:10.256192Z	   47 Query	SELECT SUBSTRING('1', 1, 1)
2024-05-01T14:50:10.256653Z	   47 Query	SELECT SUBSTRING('1', 2)
2024-05-01T14:50:10.257165Z	   47 Query	SELECT REPEAT('.', 1 - 1)
2024-05-01T14:50:10.257629Z	   47 Query	SELECT SUBSTRING_INDEX('default,', ',', 1)
2024-05-01T14:50:10.258042Z	   47 Query	SELECT SUBSTRING('default,', LENGTH('default') + 2)
2024-05-01T14:50:10.259156Z	   47 Query	CALL mtr.check_warnings(@result)
2024-05-01T14:50:15.652138Z	   47 Query	SELECT @result = 0
2024-05-01T14:50:15.652978Z	   47 Quit	
2024-05-01T14:50:15.753311Z	   48 Connect	root@localhost on  using Socket
2024-05-01T14:50:15.753556Z	   48 Query	SET GLOBAL log_output = "FILE"
2024-05-01T14:50:15.753690Z	   48 Query	SET GLOBAL general_log_file = "/home/stephanie/Dokumente/a/AST/AST24-SQL-dialects-comparison/temp_mysql/check-testcase.log"
/home/stephanie/mysql-server/build/runtime_output_directory/mysqld, Version: 8.0.36 (Source distribution). started with:
Tcp port: 13000  Unix socket: /home/stephanie/mysql-server/build/mysql-test/var/tmp/mysqld.1.sock
Time                 Id Command    Argument
2024-05-01T14:51:57.924162Z	   10 Query	SET GLOBAL general_log = 'ON'
2024-05-01T14:51:57.924428Z	   10 Query	SET SQL_LOG_BIN = 0
2024-05-01T14:51:57.924797Z	   10 Query	USE mtr
2024-05-01T14:51:57.924997Z	   10 Query	SET SESSION TRANSACTION READ WRITE
2024-05-01T14:51:57.925179Z	   10 Query	SET SESSION AUTOCOMMIT = 1
2024-05-01T14:51:57.925791Z	   10 Query	CREATE TEMPORARY TABLE mtr.error_log (
id INT AUTO_INCREMENT PRIMARY KEY,
suspicious INT DEFAULT 1,
line VARCHAR(10000) CHARSET latin1 DEFAULT NULL
)
2024-05-01T14:51:57.926619Z	   10 Query	COMMIT
2024-05-01T14:51:57.926818Z	   10 Query	SELECT @@session.sql_mode
2024-05-01T14:51:57.926974Z	   10 Query	SET @@session.sql_mode = ''
2024-05-01T14:51:57.927233Z	   10 Query	LOAD DATA INFILE '/home/stephanie/mysql-server/build/mysql-test/var/log/mysqld.1.err.warnings' INTO TABLE mtr.error_log
CHARACTER SET latin1
FIELDS TERMINATED BY 'xykls37' ESCAPED BY ''
  IGNORE 1 LINES
(line)
2024-05-01T14:51:57.927779Z	   10 Query	SET @@session.sql_mode = 'ONLY_FULL_GROUP_BY,STRICT_TRANS_TABLES,NO_ZERO_IN_DATE,NO_ZERO_DATE,ERROR_FOR_DIVISION_BY_ZERO,NO_ENGINE_SUBSTITUTION'
2024-05-01T14:51:57.927994Z	   10 Query	SELECT SUBSTRING('1', 1, 1)
2024-05-01T14:51:57.928145Z	   10 Query	SELECT SUBSTRING('1', 2)
2024-05-01T14:51:57.928551Z	   10 Query	SELECT SUBSTRING('0', 1, 1)
2024-05-01T14:51:57.928701Z	   10 Query	SELECT SUBSTRING('0', 2)
2024-05-01T14:51:57.928847Z	   10 Query	SELECT SUBSTRING('1', 1, 1)
2024-05-01T14:51:57.928974Z	   10 Query	SELECT SUBSTRING('1', 2)
2024-05-01T14:51:57.929118Z	   10 Query	SELECT SUBSTRING('1', 1, 1)
2024-05-01T14:51:57.929246Z	   10 Query	SELECT SUBSTRING('1', 2)
2024-05-01T14:51:57.929397Z	   10 Query	SELECT REPEAT('.', 1 - 1)
2024-05-01T14:51:57.929541Z	   10 Query	SELECT SUBSTRING_INDEX('default,', ',', 1)
2024-05-01T14:51:57.929671Z	   10 Query	SELECT SUBSTRING('default,', LENGTH('default') + 2)
2024-05-01T14:51:57.930221Z	   10 Query	CALL mtr.check_warnings(@result)
2024-05-01T14:52:00.790206Z	   10 Query	SELECT @result = 0
2024-05-01T14:52:00.791019Z	   10 Quit	
2024-05-01T14:52:00.898532Z	   11 Connect	root@localhost on  using Socket
2024-05-01T14:52:00.898816Z	   11 Query	SET GLOBAL log_output = "FILE"
2024-05-01T14:52:00.898956Z	   11 Query	SET GLOBAL general_log_file = "/home/stephanie/Dokumente/a/AST/AST24-SQL-dialects-comparison/temp_mysql/check-testcase.log"
/home/stephanie/mysql-server/build/runtime_output_directory/mysqld, Version: 8.0.36 (Source distribution). started with:
Tcp port: 13000  Unix socket: /home/stephanie/mysql-server/build/mysql-test/var/tmp/mysqld.1.sock
Time                 Id Command    Argument
2024-05-01T15:06:45.177505Z	   47 Query	SET GLOBAL general_log = 'ON'
2024-05-01T15:06:45.178096Z	   47 Query	SET SQL_LOG_BIN = 0
2024-05-01T15:06:45.178982Z	   47 Query	USE mtr
2024-05-01T15:06:45.179735Z	   47 Query	SET SESSION TRANSACTION READ WRITE
2024-05-01T15:06:45.180454Z	   47 Query	SET SESSION AUTOCOMMIT = 1
2024-05-01T15:06:45.183953Z	   47 Query	CREATE TEMPORARY TABLE mtr.error_log (
id INT AUTO_INCREMENT PRIMARY KEY,
suspicious INT DEFAULT 1,
line VARCHAR(10000) CHARSET latin1 DEFAULT NULL
)
2024-05-01T15:06:45.186497Z	   47 Query	COMMIT
2024-05-01T15:06:45.187102Z	   47 Query	SELECT @@session.sql_mode
2024-05-01T15:06:45.187771Z	   47 Query	SET @@session.sql_mode = ''
2024-05-01T15:06:45.188536Z	   47 Query	LOAD DATA INFILE '/home/stephanie/mysql-server/build/mysql-test/var/log/mysqld.1.err.warnings' INTO TABLE mtr.error_log
CHARACTER SET latin1
FIELDS TERMINATED BY 'xykls37' ESCAPED BY ''
  IGNORE 1 LINES
(line)
2024-05-01T15:06:45.190383Z	   47 Query	SET @@session.sql_mode = 'ONLY_FULL_GROUP_BY,STRICT_TRANS_TABLES,NO_ZERO_IN_DATE,NO_ZERO_DATE,ERROR_FOR_DIVISION_BY_ZERO,NO_ENGINE_SUBSTITUTION'
2024-05-01T15:06:45.191495Z	   47 Query	SELECT SUBSTRING('1', 1, 1)
2024-05-01T15:06:45.192146Z	   47 Query	SELECT SUBSTRING('1', 2)
2024-05-01T15:06:45.193301Z	   47 Query	SELECT SUBSTRING('0', 1, 1)
2024-05-01T15:06:45.193966Z	   47 Query	SELECT SUBSTRING('0', 2)
2024-05-01T15:06:45.194551Z	   47 Query	SELECT SUBSTRING('1', 1, 1)
2024-05-01T15:06:45.195169Z	   47 Query	SELECT SUBSTRING('1', 2)
2024-05-01T15:06:45.195652Z	   47 Query	SELECT SUBSTRING('1', 1, 1)
2024-05-01T15:06:45.196077Z	   47 Query	SELECT SUBSTRING('1', 2)
2024-05-01T15:06:45.196545Z	   47 Query	SELECT REPEAT('.', 1 - 1)
2024-05-01T15:06:45.197098Z	   47 Query	SELECT SUBSTRING_INDEX('default,', ',', 1)
2024-05-01T15:06:45.197561Z	   47 Query	SELECT SUBSTRING('default,', LENGTH('default') + 2)
2024-05-01T15:06:45.198680Z	   47 Query	CALL mtr.check_warnings(@result)
2024-05-01T15:06:51.593087Z	   47 Query	SELECT @result = 0
2024-05-01T15:06:51.593259Z	   47 Quit	
2024-05-01T15:06:51.693608Z	   48 Connect	root@localhost on  using Socket
2024-05-01T15:06:51.693834Z	   48 Query	SET GLOBAL log_output = "FILE"
2024-05-01T15:06:51.693940Z	   48 Query	SET GLOBAL general_log_file = "/home/stephanie/Dokumente/a/AST/AST24-SQL-dialects-comparison/temp_mysql/check-testcase.log"
