/home/stephanie/mysql-server/build/runtime_output_directory/mysqld, Version: 8.0.36 (Source distribution). started with:
Tcp port: 13000  Unix socket: /home/stephanie/mysql-server/build/mysql-test/var/tmp/mysqld.1.sock
Time                 Id Command    Argument
2024-05-01T14:08:50.571566Z	    9 Query	SET GLOBAL general_log = 'ON'
2024-05-01T14:08:50.572046Z	    9 Query	SHOW VARIABLES LIKE 'character_sets_dir%'
2024-05-01T14:08:50.578207Z	    9 Query	SHOW COLLATION LIKE 'utf8_phone_ci'
2024-05-01T14:08:50.660930Z	    9 Query	CREATE TABLE t1 (i INTEGER, a VARCHAR(10) COLLATE utf8_phone_ci) COLLATE utf8_phone_ci
2024-05-01T14:08:51.598090Z	    9 Query	SHOW WARNINGS
2024-05-01T14:08:51.598337Z	    9 Query	CREATE TABLE t2 (i INTEGER, a VARCHAR(10) COLLATE utf8_phone_ci) COLLATE utf8_phone_ci
2024-05-01T14:08:52.577762Z	    9 Query	SHOW WARNINGS
2024-05-01T14:08:52.588703Z	    9 Query	SELECT @@server_id
2024-05-01T14:08:52.596503Z	    9 Query	select convert(@@version_compile_machine using latin1) IN ('sparc')
2024-05-01T14:08:52.597398Z	    9 Query	SHOW VARIABLES LIKE 'pid_file'
2024-05-01T14:08:52.609146Z	    9 Query	SHOW VARIABLES LIKE 'core_file'
2024-05-01T14:08:52.615758Z	    9 Query	SHOW VARIABLES LIKE 'datadir'
2024-05-01T14:08:52.623048Z	    9 Query	shutdown
2024-05-01T14:08:52.623339Z	    9 Query	
/home/stephanie/mysql-server/build/runtime_output_directory/mysqld, Version: 8.0.36 (Source distribution). started with:
Tcp port: 13000  Unix socket: /home/stephanie/mysql-server/build/mysql-test/var/tmp/mysqld.1.sock
Time                 Id Command    Argument
2024-05-01T14:48:52.352273Z	    9 Query	SET GLOBAL general_log = 'ON'
2024-05-01T14:48:52.353696Z	    9 Query	SHOW VARIABLES LIKE 'character_sets_dir%'
2024-05-01T14:48:52.365449Z	    9 Query	SHOW COLLATION LIKE 'utf8_phone_ci'
2024-05-01T14:48:52.620572Z	    9 Query	CREATE TABLE t1 (i INTEGER, a VARCHAR(10) COLLATE utf8_phone_ci) COLLATE utf8_phone_ci
2024-05-01T14:48:53.710575Z	    9 Query	SHOW WARNINGS
2024-05-01T14:48:53.712625Z	    9 Query	CREATE TABLE t2 (i INTEGER, a VARCHAR(10) COLLATE utf8_phone_ci) COLLATE utf8_phone_ci
2024-05-01T14:48:54.556215Z	    9 Query	SHOW WARNINGS
2024-05-01T14:48:54.566480Z	    9 Query	SELECT @@server_id
2024-05-01T14:48:54.573992Z	    9 Query	select convert(@@version_compile_machine using latin1) IN ('sparc')
2024-05-01T14:48:54.574671Z	    9 Query	SHOW VARIABLES LIKE 'pid_file'
2024-05-01T14:48:54.586322Z	    9 Query	SHOW VARIABLES LIKE 'core_file'
2024-05-01T14:48:54.593007Z	    9 Query	SHOW VARIABLES LIKE 'datadir'
2024-05-01T14:48:54.599506Z	    9 Query	shutdown
2024-05-01T14:48:54.599725Z	    9 Query	
