/home/stephanie/mysql-server/build/runtime_output_directory/mysqld, Version: 8.0.36 (Source distribution). started with:
Tcp port: 13000  Unix socket: /home/stephanie/mysql-server/build/mysql-test/var/tmp/mysqld.1.sock
Time                 Id Command    Argument
2024-05-01T14:10:23.680591Z	    9 Query	SET GLOBAL general_log = 'ON'
2024-05-01T14:10:23.681014Z	    9 Query	DROP TABLE IF EXISTS t1
2024-05-01T14:10:23.779231Z	    9 Query	SET @old_max_allowed_packet= @@global.max_allowed_packet
2024-05-01T14:10:23.779512Z	    9 Query	SET @@global.max_allowed_packet = 2 * 1024 * 1024 + 1024
2024-05-01T14:10:23.780094Z	   10 Connect	root@localhost on test using Socket
2024-05-01T14:10:23.780344Z	   10 Query	CREATE TABLE t1(data LONGBLOB)
2024-05-01T14:10:24.873681Z	   10 Query	INSERT INTO t1 SELECT REPEAT('1', 2*1024*1024)
2024-05-01T14:10:31.029127Z	   11 Connect	root@localhost on  using Socket
2024-05-01T14:10:31.029775Z	   11 Query	/*!40100 SET @@SQL_MODE='' */
2024-05-01T14:10:31.030183Z	   11 Query	/*!40103 SET TIME_ZONE='+00:00' */
2024-05-01T14:10:31.030565Z	   11 Query	/*!80000 SET SESSION information_schema_stats_expiry=0 */
2024-05-01T14:10:31.031113Z	   11 Query	SET SESSION NET_READ_TIMEOUT= 86400, SESSION NET_WRITE_TIMEOUT= 86400
2024-05-01T14:10:31.033153Z	   11 Query	SHOW VARIABLES LIKE 'gtid_mode'
2024-05-01T14:10:31.044800Z	   11 Query	SELECT LOGFILE_GROUP_NAME, FILE_NAME, TOTAL_EXTENTS, INITIAL_SIZE, ENGINE, EXTRA FROM INFORMATION_SCHEMA.FILES WHERE ENGINE = 'ndbcluster' AND FILE_TYPE = 'UNDO LOG' AND FILE_NAME IS NOT NULL AND LOGFILE_GROUP_NAME IS NOT NULL AND LOGFILE_GROUP_NAME IN (SELECT DISTINCT LOGFILE_GROUP_NAME FROM INFORMATION_SCHEMA.FILES WHERE ENGINE = 'ndbcluster' AND FILE_TYPE = 'DATAFILE' AND TABLESPACE_NAME IN (SELECT DISTINCT TABLESPACE_NAME FROM INFORMATION_SCHEMA.PARTITIONS WHERE TABLE_SCHEMA='test' AND TABLE_NAME IN ('t1'))) GROUP BY LOGFILE_GROUP_NAME, FILE_NAME, ENGINE, TOTAL_EXTENTS, INITIAL_SIZE ORDER BY LOGFILE_GROUP_NAME
2024-05-01T14:10:31.078596Z	   11 Query	SELECT DISTINCT TABLESPACE_NAME, FILE_NAME, LOGFILE_GROUP_NAME, EXTENT_SIZE, INITIAL_SIZE, ENGINE FROM INFORMATION_SCHEMA.FILES WHERE FILE_TYPE = 'DATAFILE' AND TABLESPACE_NAME IN (SELECT DISTINCT TABLESPACE_NAME FROM INFORMATION_SCHEMA.PARTITIONS WHERE TABLE_SCHEMA='test' AND TABLE_NAME IN ('t1')) ORDER BY TABLESPACE_NAME, LOGFILE_GROUP_NAME
2024-05-01T14:10:31.087298Z	   11 Query	SHOW VARIABLES LIKE 'ndbinfo\_version'
2024-05-01T14:10:31.092177Z	   11 Init DB	test
2024-05-01T14:10:31.092429Z	   11 Query	SHOW TABLES LIKE 't1'
2024-05-01T14:10:31.094623Z	   11 Query	LOCK TABLES `t1` READ /*!32311 LOCAL */
2024-05-01T14:10:31.094971Z	   11 Query	show table status like 't1'
2024-05-01T14:10:31.098159Z	   11 Query	SET SQL_QUOTE_SHOW_CREATE=1
2024-05-01T14:10:31.098310Z	   11 Query	SET SESSION character_set_results = 'binary'
2024-05-01T14:10:31.098428Z	   11 Query	show create table `t1`
2024-05-01T14:10:31.098939Z	   11 Query	SET SESSION character_set_results = 'utf8mb4'
2024-05-01T14:10:31.099139Z	   11 Query	show fields from `t1`
2024-05-01T14:10:31.101494Z	   11 Query	show fields from `t1`
2024-05-01T14:10:31.103511Z	   11 Query	SELECT /*!40001 SQL_NO_CACHE */ * FROM `t1`
2024-05-01T14:10:31.157750Z	   11 Query	SET SESSION character_set_results = 'binary'
2024-05-01T14:10:31.157937Z	   11 Query	use `test`
2024-05-01T14:10:31.158063Z	   11 Query	select @@collation_database
2024-05-01T14:10:31.158196Z	   11 Query	SHOW TRIGGERS LIKE 't1'
2024-05-01T14:10:31.159494Z	   11 Query	SET SESSION character_set_results = 'utf8mb4'
2024-05-01T14:10:31.159618Z	   11 Query	SET SESSION character_set_results = 'binary'
2024-05-01T14:10:31.159732Z	   11 Query	SELECT COLUMN_NAME,                       JSON_EXTRACT(HISTOGRAM, '$."number-of-buckets-specified"')                FROM information_schema.COLUMN_STATISTICS                WHERE SCHEMA_NAME = 'test' AND TABLE_NAME = 't1'
2024-05-01T14:10:31.160543Z	   11 Query	SET SESSION character_set_results = 'utf8mb4'
2024-05-01T14:10:31.160661Z	   11 Query	UNLOCK TABLES
2024-05-01T14:10:31.274736Z	   11 Quit	
2024-05-01T14:10:31.278926Z	   10 Query	SET @old_general_log = @@global.general_log
2024-05-01T14:10:31.279361Z	   10 Query	SET @@global.general_log = 0
/home/stephanie/mysql-server/build/runtime_output_directory/mysqld, Version: 8.0.36 (Source distribution). started with:
Tcp port: 13000  Unix socket: /home/stephanie/mysql-server/build/mysql-test/var/tmp/mysqld.1.sock
Time                 Id Command    Argument
2024-05-01T14:10:40.167801Z	   10 Query	SELECT LENGTH(data) FROM t1
2024-05-01T14:10:40.172870Z	   10 Query	DROP TABLE t1
2024-05-01T14:10:41.093129Z	   10 Quit	
2024-05-01T14:10:41.205233Z	    9 Query	SET @@global.max_allowed_packet = @old_max_allowed_packet
2024-05-01T14:10:41.254605Z	    9 Query	SHOW WARNINGS
2024-05-01T14:10:41.255074Z	    9 Quit	
/home/stephanie/mysql-server/build/runtime_output_directory/mysqld, Version: 8.0.36 (Source distribution). started with:
Tcp port: 13000  Unix socket: /home/stephanie/mysql-server/build/mysql-test/var/tmp/mysqld.1.sock
Time                 Id Command    Argument
2024-05-01T14:50:22.646686Z	    9 Query	SET GLOBAL general_log = 'ON'
2024-05-01T14:50:22.647462Z	    9 Query	DROP TABLE IF EXISTS t1
2024-05-01T14:50:22.721046Z	    9 Query	SET @old_max_allowed_packet= @@global.max_allowed_packet
2024-05-01T14:50:22.721674Z	    9 Query	SET @@global.max_allowed_packet = 2 * 1024 * 1024 + 1024
2024-05-01T14:50:22.723170Z	   10 Connect	root@localhost on test using Socket
2024-05-01T14:50:22.723882Z	   10 Query	CREATE TABLE t1(data LONGBLOB)
2024-05-01T14:50:23.924594Z	   10 Query	INSERT INTO t1 SELECT REPEAT('1', 2*1024*1024)
2024-05-01T14:50:29.557762Z	   11 Connect	root@localhost on  using Socket
2024-05-01T14:50:29.558359Z	   11 Query	/*!40100 SET @@SQL_MODE='' */
2024-05-01T14:50:29.558843Z	   11 Query	/*!40103 SET TIME_ZONE='+00:00' */
2024-05-01T14:50:29.559520Z	   11 Query	/*!80000 SET SESSION information_schema_stats_expiry=0 */
2024-05-01T14:50:29.560039Z	   11 Query	SET SESSION NET_READ_TIMEOUT= 86400, SESSION NET_WRITE_TIMEOUT= 86400
2024-05-01T14:50:29.560725Z	   11 Query	SHOW VARIABLES LIKE 'gtid_mode'
2024-05-01T14:50:29.571998Z	   11 Query	SELECT LOGFILE_GROUP_NAME, FILE_NAME, TOTAL_EXTENTS, INITIAL_SIZE, ENGINE, EXTRA FROM INFORMATION_SCHEMA.FILES WHERE ENGINE = 'ndbcluster' AND FILE_TYPE = 'UNDO LOG' AND FILE_NAME IS NOT NULL AND LOGFILE_GROUP_NAME IS NOT NULL AND LOGFILE_GROUP_NAME IN (SELECT DISTINCT LOGFILE_GROUP_NAME FROM INFORMATION_SCHEMA.FILES WHERE ENGINE = 'ndbcluster' AND FILE_TYPE = 'DATAFILE' AND TABLESPACE_NAME IN (SELECT DISTINCT TABLESPACE_NAME FROM INFORMATION_SCHEMA.PARTITIONS WHERE TABLE_SCHEMA='test' AND TABLE_NAME IN ('t1'))) GROUP BY LOGFILE_GROUP_NAME, FILE_NAME, ENGINE, TOTAL_EXTENTS, INITIAL_SIZE ORDER BY LOGFILE_GROUP_NAME
2024-05-01T14:50:29.578499Z	   11 Query	SELECT DISTINCT TABLESPACE_NAME, FILE_NAME, LOGFILE_GROUP_NAME, EXTENT_SIZE, INITIAL_SIZE, ENGINE FROM INFORMATION_SCHEMA.FILES WHERE FILE_TYPE = 'DATAFILE' AND TABLESPACE_NAME IN (SELECT DISTINCT TABLESPACE_NAME FROM INFORMATION_SCHEMA.PARTITIONS WHERE TABLE_SCHEMA='test' AND TABLE_NAME IN ('t1')) ORDER BY TABLESPACE_NAME, LOGFILE_GROUP_NAME
2024-05-01T14:50:29.580408Z	   11 Query	SHOW VARIABLES LIKE 'ndbinfo\_version'
2024-05-01T14:50:29.583943Z	   11 Init DB	test
2024-05-01T14:50:29.584120Z	   11 Query	SHOW TABLES LIKE 't1'
2024-05-01T14:50:29.585303Z	   11 Query	LOCK TABLES `t1` READ /*!32311 LOCAL */
2024-05-01T14:50:29.585521Z	   11 Query	show table status like 't1'
2024-05-01T14:50:29.586587Z	   11 Query	SET SQL_QUOTE_SHOW_CREATE=1
2024-05-01T14:50:29.586698Z	   11 Query	SET SESSION character_set_results = 'binary'
2024-05-01T14:50:29.586778Z	   11 Query	show create table `t1`
2024-05-01T14:50:29.587094Z	   11 Query	SET SESSION character_set_results = 'utf8mb4'
2024-05-01T14:50:29.587235Z	   11 Query	show fields from `t1`
2024-05-01T14:50:29.588204Z	   11 Query	show fields from `t1`
2024-05-01T14:50:29.589555Z	   11 Query	SELECT /*!40001 SQL_NO_CACHE */ * FROM `t1`
2024-05-01T14:50:29.617176Z	   11 Query	SET SESSION character_set_results = 'binary'
2024-05-01T14:50:29.617349Z	   11 Query	use `test`
2024-05-01T14:50:29.617513Z	   11 Query	select @@collation_database
2024-05-01T14:50:29.617740Z	   11 Query	SHOW TRIGGERS LIKE 't1'
2024-05-01T14:50:29.618602Z	   11 Query	SET SESSION character_set_results = 'utf8mb4'
2024-05-01T14:50:29.618729Z	   11 Query	SET SESSION character_set_results = 'binary'
2024-05-01T14:50:29.618863Z	   11 Query	SELECT COLUMN_NAME,                       JSON_EXTRACT(HISTOGRAM, '$."number-of-buckets-specified"')                FROM information_schema.COLUMN_STATISTICS                WHERE SCHEMA_NAME = 'test' AND TABLE_NAME = 't1'
2024-05-01T14:50:29.619566Z	   11 Query	SET SESSION character_set_results = 'utf8mb4'
2024-05-01T14:50:29.619685Z	   11 Query	UNLOCK TABLES
2024-05-01T14:50:29.745377Z	   11 Quit	
2024-05-01T14:50:29.752291Z	   10 Query	SET @old_general_log = @@global.general_log
2024-05-01T14:50:29.753200Z	   10 Query	SET @@global.general_log = 0
/home/stephanie/mysql-server/build/runtime_output_directory/mysqld, Version: 8.0.36 (Source distribution). started with:
Tcp port: 13000  Unix socket: /home/stephanie/mysql-server/build/mysql-test/var/tmp/mysqld.1.sock
Time                 Id Command    Argument
2024-05-01T14:50:38.081214Z	   10 Query	SELECT LENGTH(data) FROM t1
2024-05-01T14:50:38.084734Z	   10 Query	DROP TABLE t1
2024-05-01T14:50:39.018041Z	   10 Quit	
2024-05-01T14:50:39.124624Z	    9 Query	SET @@global.max_allowed_packet = @old_max_allowed_packet
2024-05-01T14:50:39.137627Z	    9 Query	SHOW WARNINGS
2024-05-01T14:50:39.138209Z	    9 Quit	
/home/stephanie/mysql-server/build/runtime_output_directory/mysqld, Version: 8.0.36 (Source distribution). started with:
Tcp port: 13000  Unix socket: /home/stephanie/mysql-server/build/mysql-test/var/tmp/mysqld.1.sock
Time                 Id Command    Argument
2024-05-01T15:07:01.836378Z	    9 Query	SET GLOBAL general_log = 'ON'
2024-05-01T15:07:01.837212Z	    9 Query	DROP TABLE IF EXISTS t1
2024-05-01T15:07:01.924714Z	    9 Query	SET @old_max_allowed_packet= @@global.max_allowed_packet
2024-05-01T15:07:01.925329Z	    9 Query	SET @@global.max_allowed_packet = 2 * 1024 * 1024 + 1024
2024-05-01T15:07:01.926709Z	   10 Connect	root@localhost on test using Socket
2024-05-01T15:07:01.927599Z	   10 Query	CREATE TABLE t1(data LONGBLOB)
2024-05-01T15:07:03.153829Z	   10 Query	INSERT INTO t1 SELECT REPEAT('1', 2*1024*1024)
