/home/stephanie/mysql-server/build/runtime_output_directory/mysqld, Version: 8.0.36 (Source distribution). started with:
Tcp port: 13000  Unix socket: /home/stephanie/mysql-server/build/mysql-test/var/tmp/mysqld.1.sock
Time                 Id Command    Argument
2024-05-01T14:12:09.929097Z	    9 Query	SET GLOBAL general_log = 'ON'
2024-05-01T14:12:09.929249Z	    9 Query	SELECT @@have_dynamic_loading != 'YES'
2024-05-01T14:12:09.929441Z	    9 Query	SELECT CONCAT('--plugin-dir=', REPLACE(@@plugin_dir, '\\', '/')) != '--plugin-dir=/home/stephanie/mysql-server/build/plugin_output_directory/'
2024-05-01T14:12:09.929663Z	    9 Query	UNINSTALL PLUGIN example
2024-05-01T14:12:09.931401Z	    9 Query	SELECT PLUGIN_NAME, PLUGIN_STATUS, LOAD_OPTION FROM INFORMATION_SCHEMA.PLUGINS
WHERE PLUGIN_NAME IN ('MyISAM', 'EXAMPLE')
2024-05-01T14:12:09.986557Z	    9 Quit	
2024-05-01T14:12:10.019044Z	   10 Connect	root@localhost on  using Socket
2024-05-01T14:12:10.019252Z	   10 Query	SET GLOBAL log_output = "FILE"
2024-05-01T14:12:10.019361Z	   10 Query	SET GLOBAL general_log_file = "/home/stephanie/Dokumente/a/AST/AST24-SQL-dialects-comparison/temp_mysql/check-warnings.log"
/home/stephanie/mysql-server/build/runtime_output_directory/mysqld, Version: 8.0.36 (Source distribution). started with:
Tcp port: 13000  Unix socket: /home/stephanie/mysql-server/build/mysql-test/var/tmp/mysqld.1.sock
Time                 Id Command    Argument
2024-05-01T14:51:57.778871Z	    9 Query	SET GLOBAL general_log = 'ON'
2024-05-01T14:51:57.779618Z	    9 Query	SELECT @@have_dynamic_loading != 'YES'
2024-05-01T14:51:57.780594Z	    9 Query	SELECT CONCAT('--plugin-dir=', REPLACE(@@plugin_dir, '\\', '/')) != '--plugin-dir=/home/stephanie/mysql-server/build/plugin_output_directory/'
2024-05-01T14:51:57.781598Z	    9 Query	UNINSTALL PLUGIN example
2024-05-01T14:51:57.788957Z	    9 Query	SELECT PLUGIN_NAME, PLUGIN_STATUS, LOAD_OPTION FROM INFORMATION_SCHEMA.PLUGINS
WHERE PLUGIN_NAME IN ('MyISAM', 'EXAMPLE')
2024-05-01T14:51:57.792446Z	    9 Quit	
2024-05-01T14:51:57.878525Z	   10 Connect	root@localhost on  using Socket
2024-05-01T14:51:57.878767Z	   10 Query	SET GLOBAL log_output = "FILE"
2024-05-01T14:51:57.878870Z	   10 Query	SET GLOBAL general_log_file = "/home/stephanie/Dokumente/a/AST/AST24-SQL-dialects-comparison/temp_mysql/check-warnings.log"
