/home/stephanie/mysql-server/build/runtime_output_directory/mysqld, Version: 8.0.36 (Source distribution). started with:
Tcp port: 13000  Unix socket: /home/stephanie/mysql-server/build/mysql-test/var/tmp/mysqld.1.sock
Time                 Id Command    Argument
2024-05-07T21:07:45.976591Z	    9 Query	SET GLOBAL general_log = 'ON'
2024-05-07T21:07:45.977133Z	    9 Query	TRUNCATE TABLE mysql.general_log
2024-05-07T21:07:46.765526Z	    9 Query	CALL mtr.add_suppression('Following users were specified in CREATE USER IF NOT EXISTS but they already exist')
2024-05-07T21:07:46.976722Z	    9 Query	CALL mtr.add_suppression('Following users were specified in ALTER USER IF EXISTS but they do not exist')
2024-05-07T21:07:47.344059Z	    9 Query	select @@global.log_output
2024-05-07T21:07:47.344783Z	    9 Query	select @@global.general_log
2024-05-07T21:07:47.345347Z	    9 Query	select @@global.general_log_file
2024-05-07T21:07:47.346642Z	    9 Query	SET GLOBAL log_output =       'FILE,TABLE'
2024-05-07T21:07:47.347315Z	    9 Query	set character set 'hebrew'
2024-05-07T21:07:47.468522Z	    9 Query	set charset default,@dummy='A'
2024-05-07T21:07:47.469308Z	    9 Query	set names 'latin1',@dummy='B'
2024-05-07T21:07:47.469920Z	    9 Query	set names 'latin1' collate 'latin1_german2_ci'
2024-05-07T21:07:47.470463Z	    9 Query	set names default,@dummy='c'
2024-05-07T21:07:47.471093Z	    9 Query	CREATE TABLE     t1(f1 INT, f2 INT, f3 INT, f4 INT)
2024-05-07T21:07:49.236282Z	    9 Query	CREATE PROCEDURE proc_rewrite_1() INSERT INTO test.t1 VALUES ("hocus pocus")
2024-05-07T21:07:49.626254Z	    9 Query	CREATE FUNCTION  func_rewrite_1(i INT) RETURNS INT DETERMINISTIC RETURN i+1
2024-05-07T21:07:49.928089Z	    9 Query	CREATE USER 'test_user1'@'%' IDENTIFIED WITH 'mysql_native_password' BY <secret>
2024-05-07T21:07:50.180955Z	    9 Query	GRANT SELECT(f2), INSERT(f3), INDEX, UPDATE(f1,f3, f2, f4), ALTER on
test.t1 TO test_user1
2024-05-07T21:07:50.584408Z	    9 Query	GRANT ALL ON PROCEDURE test.proc_rewrite_1 TO test_user1
2024-05-07T21:07:50.872091Z	    9 Query	GRANT EXECUTE ON FUNCTION test.func_rewrite_1 TO test_user1
2024-05-07T21:07:51.174242Z	    9 Query	CREATE USER 'test_user3'@'localhost' IDENTIFIED WITH 'mysql_native_password' BY <secret> REQUIRE SSL
2024-05-07T21:07:51.318832Z	    9 Query	GRANT SELECT,USAGE ON test.* TO test_user3@localhost
2024-05-07T21:07:51.452471Z	    9 Query	ALTER USER 'test_user3'@'localhost' IDENTIFIED BY <secret> REQUIRE X509 WITH MAX_QUERIES_PER_HOUR 1 MAX_UPDATES_PER_HOUR 2 MAX_CONNECTIONS_PER_HOUR 3 MAX_USER_CONNECTIONS 4
2024-05-07T21:07:51.674825Z	    9 Query	GRANT USAGE ON test.* TO test_user3@localhost WITH GRANT OPTION
2024-05-07T21:07:51.830599Z	    9 Query	ALTER USER test_user3@localhost REQUIRE NONE
2024-05-07T21:07:51.942188Z	    9 Query	DROP PROCEDURE proc_rewrite_1
2024-05-07T21:07:52.143473Z	    9 Query	DROP FUNCTION  func_rewrite_1
2024-05-07T21:07:52.343608Z	    9 Query	DROP TABLE     t1
2024-05-07T21:07:52.901273Z	    9 Query	CREATE USER 'test_user2'@'%' IDENTIFIED WITH 'mysql_native_password' BY <secret>
2024-05-07T21:07:53.079712Z	    9 Query	CHANGE REPLICATION SOURCE TO SOURCE_PASSWORD = <secret>
2024-05-07T21:07:53.839219Z	    9 Query	CREATE USER 'test_user4'@'localhost' IDENTIFIED WITH mysql_native_password
2024-05-07T21:07:54.028632Z	    9 Query	ALTER USER 'test_user4'@'localhost' IDENTIFIED BY <secret>
2024-05-07T21:07:54.150570Z	    9 Query	CREATE USER 'test_user5'@'%' IDENTIFIED WITH 'mysql_native_password' AS '*67092806AE91BFB6BE72DE6C7BE2B7CCA8CFA9DF','test_user6'@'%' IDENTIFIED BY <secret>
2024-05-07T21:07:54.329048Z	    9 Query	ALTER USER IF EXISTS 'test_user5'@'%' IDENTIFIED BY <secret>,'test_user6'@'%' IDENTIFIED WITH 'mysql_native_password' AS '*67092806AE91BFB6BE72DE6C7BE2B7CCA8CFA9DF','test_user7'@'%' IDENTIFIED BY <secret>
2024-05-07T21:07:54.517897Z	    9 Query	SHOW WARNINGS
2024-05-07T21:07:54.518881Z	    9 Query	CREATE USER IF NOT EXISTS 'test_user6'@'%' IDENTIFIED BY <secret>,'test_user7'@'%' IDENTIFIED BY <secret>
2024-05-07T21:07:54.684813Z	    9 Query	SHOW WARNINGS
2024-05-07T21:07:54.685643Z	    9 Query	ALTER USER test_user7 IDENTIFIED WITH mysql_native_password AS
'*67092806AE91BFB6BE72DE6C7BE2B7CCA8CFA9DF'
2024-05-07T21:07:54.796461Z	    9 Query	CREATE USER 'test_user8'@'%' IDENTIFIED BY <secret>
2024-05-07T21:07:54.941135Z	    9 Query	ALTER USER 'test_user8'@'%' IDENTIFIED BY <secret>
2024-05-07T21:07:55.041080Z	    9 Query	CREATE USER 'test_user9'@'%' IDENTIFIED WITH 'caching_sha2_password' BY <secret>
2024-05-07T21:07:55.219339Z	    9 Query	ALTER USER 'test_user9'@'%' IDENTIFIED WITH 'caching_sha2_password' BY <secret>
2024-05-07T21:07:55.365323Z	    9 Query	SET PASSWORD FOR `test_user9`@`%`=<secret>
2024-05-07T21:07:55.410638Z	    9 Query	CREATE USER u1, u2
2024-05-07T21:07:55.544131Z	    9 Query	GRANT CREATE USER ON *.* to 'u1' WITH GRANT OPTION
2024-05-07T21:07:55.706369Z	   10 Connect	u1@localhost on test using Socket
2024-05-07T21:07:55.707829Z	   10 Query	SET PASSWORD FOR `u1`@`%`=<secret> REPLACE <secret>
2024-05-07T21:07:55.855465Z	   10 Query	ALTER USER 'u1'@'%' IDENTIFIED BY <secret> REPLACE <secret>,'u2'@'%' IDENTIFIED BY <secret> PASSWORD REQUIRE CURRENT OPTIONAL
2024-05-07T21:07:56.044751Z	   10 Query	ALTER USER 'u2'@'%' IDENTIFIED BY <secret>,'u1'@'%' IDENTIFIED BY <secret> REPLACE <secret>
2024-05-07T21:07:56.215821Z	   10 Quit	
2024-05-07T21:07:56.216030Z	    9 Query	DROP USER u1, u2
2024-05-07T21:07:56.356268Z	    9 Query	DROP USER 'test_user4'@'localhost'
2024-05-07T21:07:56.493282Z	    9 Query	DROP USER 'test_user3'@'localhost'
2024-05-07T21:07:56.723766Z	    9 Query	DROP USER test_user9, test_user8
2024-05-07T21:07:56.878957Z	    9 Query	DROP USER test_user7, test_user6,  test_user5
2024-05-07T21:07:57.014689Z	    9 Query	DROP USER test_user2
2024-05-07T21:07:57.146215Z	    9 Query	DROP USER test_user1
2024-05-07T21:07:57.292154Z	    9 Query	CREATE TABLE test_log (argument TEXT)
2024-05-07T21:07:58.126519Z	    9 Query	LOAD DATA LOCAL INFILE '/home/stephanie/mysql-server/build/mysql-test/var/log/rewrite_general.log'
     INTO TABLE test_log FIELDS TERMINATED BY '\n' LINES TERMINATED BY '\n'
2024-05-07T21:07:58.132085Z	    9 Query	SHOW WARNINGS
2024-05-07T21:07:58.132721Z	    9 Quit	
